\BOOKMARK [1][-]{section.1}{\151\202\137\365}{}% 1
\BOOKMARK [2][-]{subsection.1.1}{\170\024\172\166\200\314\146\157\116\016\141\017\116\111}{section.1}% 2
\BOOKMARK [3][-]{subsubsection.1.1.1}{\170\024\172\166\200\314\146\157}{subsection.1.1}% 3
\BOOKMARK [3][-]{subsubsection.1.1.2}{\170\024\172\166\117\134\165\(\116\016\141\017\116\111}{subsection.1.1}% 4
\BOOKMARK [1][-]{section.2}{\166\356\150\007}{}% 5
\BOOKMARK [2][-]{subsection.2.1}{\200\241\171\150\122\006\134\102\135\345\121\167}{section.2}% 6
\BOOKMARK [2][-]{subsection.2.2}{\135\351\126\372\145\160\143\156\176\323\147\204\127\372\170\100}{section.2}% 7
\BOOKMARK [2][-]{subsection.2.3}{\213\255\176\303\166\370\121\163\173\227\154\325}{section.2}% 8
\BOOKMARK [2][-]{subsection.2.4}{\230\171\166\356\116\016\135\345\121\167}{section.2}% 9
\BOOKMARK [1][-]{section.3}{\167\345\213\306\116\016\136\224\165\(}{}% 10
\BOOKMARK [2][-]{subsection.3.1}{\145\160\143\156\176\323\147\204\127\372\170\100\136\224\165\(}{section.3}% 11
\BOOKMARK [3][-]{subsubsection.3.1.1}{\124\021\221\317}{subsection.3.1}% 12
\BOOKMARK [3][-]{subsubsection.3.1.2}{\126\376}{subsection.3.1}% 13
\BOOKMARK [3][-]{subsubsection.3.1.3}{\147\000\134\017\165\037\142\020\150\021}{subsection.3.1}% 14
\BOOKMARK [2][-]{subsection.3.2}{\201\352\122\250\123\026\230\171\166\356\173\241\164\006\167\345\213\306\136\224\165\(}{section.3}% 15
\BOOKMARK [3][-]{subsubsection.3.2.1}{Make\135\345\121\167}{subsection.3.2}% 16
\BOOKMARK [1][-]{section.4}{\145\271\154\325}{}% 17
\BOOKMARK [2][-]{subsection.4.1}{\177\026\172\013\116\016\121\231\117\134\163\257\130\203}{section.4}% 18
\BOOKMARK [2][-]{subsection.4.2}{\215\052\137\303\173\227\154\325\154\102\147\000\134\017\165\037\142\020\150\021}{section.4}% 19
\BOOKMARK [2][-]{subsection.4.3}{\137\000\156\220\145\057\143\001}{section.4}% 20
\BOOKMARK [3][-]{subsubsection.4.3.1}{\200\241\171\150\145\160\143\156\214\003\123\326\230\171\166\356 \024 \024Tushare}{subsection.4.3}% 21
